Arguments: 
  /home/andrea/.nvm/versions/node/v8.13.0/bin/node /home/andrea/.nvm/versions/node/v8.13.0/bin/yarn add nodeserial

PATH: 
  /home/andrea/git/personale/zehnder-q350/node_modules/.bin:/home/andrea/.nvm/versions/node/v8.13.0/bin:/home/andrea/.local/bin:/usr/local/sbin:/usr/local/bin:/usr/sbin:/usr/bin:/sbin:/bin:/usr/games:/usr/local/games:/snap/bin:/home/andrea/git/flutter/bin:/home/andrea/android-sdk/tools/bin:/home/andrea/android-sdk/platform-tools

Yarn version: 
  1.22.4

Node version: 
  8.13.0

Platform: 
  linux x64

Trace: 
  Error: https://registry.yarnpkg.com/nodeserial: Not found
      at Request.params.callback [as _callback] (/home/andrea/.nvm/versions/node/v8.13.0/lib/node_modules/yarn/lib/cli.js:66987:18)
      at Request.self.callback (/home/andrea/.nvm/versions/node/v8.13.0/lib/node_modules/yarn/lib/cli.js:140748:22)
      at emitTwo (events.js:126:13)
      at Request.emit (events.js:214:7)
      at Request.<anonymous> (/home/andrea/.nvm/versions/node/v8.13.0/lib/node_modules/yarn/lib/cli.js:141720:10)
      at emitOne (events.js:116:13)
      at Request.emit (events.js:211:7)
      at IncomingMessage.<anonymous> (/home/andrea/.nvm/versions/node/v8.13.0/lib/node_modules/yarn/lib/cli.js:141642:12)
      at Object.onceWrapper (events.js:313:30)
      at emitNone (events.js:111:20)

npm manifest: 
  {
    "name": "zehnder-q350",
    "version": "1.0.0",
    "main": "index.js",
    "license": "MIT",
    "devDependencies": {
      "typescript": "^4.0.5"
    }
  }

yarn manifest: 
  No manifest

Lockfile: 
  # THIS IS AN AUTOGENERATED FILE. DO NOT EDIT THIS FILE DIRECTLY.
  # yarn lockfile v1
  
  
  typescript@^4.0.5:
    version "4.0.5"
    resolved "https://registry.yarnpkg.com/typescript/-/typescript-4.0.5.tgz#ae9dddfd1069f1cb5beb3ef3b2170dd7c1332389"
    integrity sha512-ywmr/VrTVCmNTJ6iV2LwIrfG1P+lv6luD8sUJs+2eI9NLGigaN+nUQc13iHqisq7bra9lnmUSYqbJvegraBOPQ==
